<?xml version="1.0" encoding="UTF-8"?>
<testsuite xmlns:xsi="http://www.w3.org/2001/XMLSchema-instance" xsi:noNamespaceSchemaLocation="https://maven.apache.org/surefire/maven-surefire-plugin/xsd/surefire-test-report.xsd" name="TestSuite" time="9.016" tests="1" errors="0" skipped="0" failures="0">
  <properties>
    <property name="sun.desktop" value="gnome"/>
    <property name="awt.toolkit" value="sun.awt.X11.XToolkit"/>
    <property name="file.encoding.pkg" value="sun.io"/>
    <property name="java.specification.version" value="1.8"/>
    <property name="sun.cpu.isalist" value=""/>
    <property name="sun.jnu.encoding" value="UTF-8"/>
    <property name="java.class.path" value="/home/mariofgr/workspace/Test/target/test-classes:/home/mariofgr/workspace/Test/target/classes:/home/mariofgr/.m2/repository/org/seleniumhq/selenium/selenium-java/3.13.0/selenium-java-3.13.0.jar:/home/mariofgr/.m2/repository/org/seleniumhq/selenium/selenium-api/3.13.0/selenium-api-3.13.0.jar:/home/mariofgr/.m2/repository/org/seleniumhq/selenium/selenium-chrome-driver/3.13.0/selenium-chrome-driver-3.13.0.jar:/home/mariofgr/.m2/repository/org/seleniumhq/selenium/selenium-edge-driver/3.13.0/selenium-edge-driver-3.13.0.jar:/home/mariofgr/.m2/repository/org/seleniumhq/selenium/selenium-firefox-driver/3.13.0/selenium-firefox-driver-3.13.0.jar:/home/mariofgr/.m2/repository/org/seleniumhq/selenium/selenium-ie-driver/3.13.0/selenium-ie-driver-3.13.0.jar:/home/mariofgr/.m2/repository/org/seleniumhq/selenium/selenium-opera-driver/3.13.0/selenium-opera-driver-3.13.0.jar:/home/mariofgr/.m2/repository/org/seleniumhq/selenium/selenium-remote-driver/3.13.0/selenium-remote-driver-3.13.0.jar:/home/mariofgr/.m2/repository/org/seleniumhq/selenium/selenium-safari-driver/3.13.0/selenium-safari-driver-3.13.0.jar:/home/mariofgr/.m2/repository/org/seleniumhq/selenium/selenium-support/3.13.0/selenium-support-3.13.0.jar:/home/mariofgr/.m2/repository/net/bytebuddy/byte-buddy/1.8.3/byte-buddy-1.8.3.jar:/home/mariofgr/.m2/repository/org/apache/commons/commons-exec/1.3/commons-exec-1.3.jar:/home/mariofgr/.m2/repository/commons-codec/commons-codec/1.10/commons-codec-1.10.jar:/home/mariofgr/.m2/repository/commons-logging/commons-logging/1.2/commons-logging-1.2.jar:/home/mariofgr/.m2/repository/com/google/code/gson/gson/2.8.4/gson-2.8.4.jar:/home/mariofgr/.m2/repository/com/google/guava/guava/25.0-jre/guava-25.0-jre.jar:/home/mariofgr/.m2/repository/com/google/code/findbugs/jsr305/1.3.9/jsr305-1.3.9.jar:/home/mariofgr/.m2/repository/org/checkerframework/checker-compat-qual/2.0.0/checker-compat-qual-2.0.0.jar:/home/mariofgr/.m2/repository/com/google/errorprone/error_prone_annotations/2.1.3/error_prone_annotations-2.1.3.jar:/home/mariofgr/.m2/repository/com/google/j2objc/j2objc-annotations/1.1/j2objc-annotations-1.1.jar:/home/mariofgr/.m2/repository/org/codehaus/mojo/animal-sniffer-annotations/1.14/animal-sniffer-annotations-1.14.jar:/home/mariofgr/.m2/repository/org/apache/httpcomponents/httpclient/4.5.5/httpclient-4.5.5.jar:/home/mariofgr/.m2/repository/org/apache/httpcomponents/httpcore/4.4.9/httpcore-4.4.9.jar:/home/mariofgr/.m2/repository/com/squareup/okhttp3/okhttp/3.10.0/okhttp-3.10.0.jar:/home/mariofgr/.m2/repository/com/squareup/okio/okio/1.14.1/okio-1.14.1.jar:/home/mariofgr/.m2/repository/io/cucumber/cucumber-java8/3.0.2/cucumber-java8-3.0.2.jar:/home/mariofgr/.m2/repository/io/cucumber/cucumber-java/3.0.2/cucumber-java-3.0.2.jar:/home/mariofgr/.m2/repository/net/jodah/typetools/0.5.0/typetools-0.5.0.jar:/home/mariofgr/.m2/repository/io/cucumber/cucumber-testng/3.0.2/cucumber-testng-3.0.2.jar:/home/mariofgr/.m2/repository/io/cucumber/cucumber-core/3.0.2/cucumber-core-3.0.2.jar:/home/mariofgr/.m2/repository/io/cucumber/cucumber-html/0.2.7/cucumber-html-0.2.7.jar:/home/mariofgr/.m2/repository/io/cucumber/gherkin/5.0.0/gherkin-5.0.0.jar:/home/mariofgr/.m2/repository/io/cucumber/tag-expressions/1.1.1/tag-expressions-1.1.1.jar:/home/mariofgr/.m2/repository/io/cucumber/cucumber-expressions/5.0.19/cucumber-expressions-5.0.19.jar:/home/mariofgr/.m2/repository/io/cucumber/datatable/1.0.3/datatable-1.0.3.jar:/home/mariofgr/.m2/repository/io/cucumber/datatable-dependencies/1.0.3/datatable-dependencies-1.0.3.jar:/home/mariofgr/.m2/repository/org/testng/testng/6.14.3/testng-6.14.3.jar:/home/mariofgr/.m2/repository/com/beust/jcommander/1.72/jcommander-1.72.jar:/home/mariofgr/.m2/repository/org/apache-extras/beanshell/bsh/2.0b6/bsh-2.0b6.jar:/home/mariofgr/.m2/repository/org/apache/maven/surefire/surefire-testng-utils/2.22.0/surefire-testng-utils-2.22.0.jar:/home/mariofgr/.m2/repository/org/apache/maven/surefire/surefire-grouper/2.22.0/surefire-grouper-2.22.0.jar:"/>
    <property name="java.vm.vendor" value="Oracle Corporation"/>
    <property name="sun.arch.data.model" value="64"/>
    <property name="java.vendor.url" value="http://java.oracle.com/"/>
    <property name="user.timezone" value=""/>
    <property name="java.vm.specification.version" value="1.8"/>
    <property name="os.name" value="Linux"/>
    <property name="user.country" value="ES"/>
    <property name="sun.java.launcher" value="SUN_STANDARD"/>
    <property name="sun.boot.library.path" value="/usr/lib/jvm/java-8-oracle/jre/lib/amd64"/>
    <property name="sun.java.command" value="/home/mariofgr/workspace/Test/target/surefire/surefirebooter6612911462109600012.jar /home/mariofgr/workspace/Test/target/surefire 2018-07-09T11-32-34_532-jvmRun1 surefire4945707778982290498tmp surefire_0306871702372457166tmp"/>
    <property name="surefire.test.class.path" value="/home/mariofgr/workspace/Test/target/test-classes:/home/mariofgr/workspace/Test/target/classes:/home/mariofgr/.m2/repository/org/seleniumhq/selenium/selenium-java/3.13.0/selenium-java-3.13.0.jar:/home/mariofgr/.m2/repository/org/seleniumhq/selenium/selenium-api/3.13.0/selenium-api-3.13.0.jar:/home/mariofgr/.m2/repository/org/seleniumhq/selenium/selenium-chrome-driver/3.13.0/selenium-chrome-driver-3.13.0.jar:/home/mariofgr/.m2/repository/org/seleniumhq/selenium/selenium-edge-driver/3.13.0/selenium-edge-driver-3.13.0.jar:/home/mariofgr/.m2/repository/org/seleniumhq/selenium/selenium-firefox-driver/3.13.0/selenium-firefox-driver-3.13.0.jar:/home/mariofgr/.m2/repository/org/seleniumhq/selenium/selenium-ie-driver/3.13.0/selenium-ie-driver-3.13.0.jar:/home/mariofgr/.m2/repository/org/seleniumhq/selenium/selenium-opera-driver/3.13.0/selenium-opera-driver-3.13.0.jar:/home/mariofgr/.m2/repository/org/seleniumhq/selenium/selenium-remote-driver/3.13.0/selenium-remote-driver-3.13.0.jar:/home/mariofgr/.m2/repository/org/seleniumhq/selenium/selenium-safari-driver/3.13.0/selenium-safari-driver-3.13.0.jar:/home/mariofgr/.m2/repository/org/seleniumhq/selenium/selenium-support/3.13.0/selenium-support-3.13.0.jar:/home/mariofgr/.m2/repository/net/bytebuddy/byte-buddy/1.8.3/byte-buddy-1.8.3.jar:/home/mariofgr/.m2/repository/org/apache/commons/commons-exec/1.3/commons-exec-1.3.jar:/home/mariofgr/.m2/repository/commons-codec/commons-codec/1.10/commons-codec-1.10.jar:/home/mariofgr/.m2/repository/commons-logging/commons-logging/1.2/commons-logging-1.2.jar:/home/mariofgr/.m2/repository/com/google/code/gson/gson/2.8.4/gson-2.8.4.jar:/home/mariofgr/.m2/repository/com/google/guava/guava/25.0-jre/guava-25.0-jre.jar:/home/mariofgr/.m2/repository/com/google/code/findbugs/jsr305/1.3.9/jsr305-1.3.9.jar:/home/mariofgr/.m2/repository/org/checkerframework/checker-compat-qual/2.0.0/checker-compat-qual-2.0.0.jar:/home/mariofgr/.m2/repository/com/google/errorprone/error_prone_annotations/2.1.3/error_prone_annotations-2.1.3.jar:/home/mariofgr/.m2/repository/com/google/j2objc/j2objc-annotations/1.1/j2objc-annotations-1.1.jar:/home/mariofgr/.m2/repository/org/codehaus/mojo/animal-sniffer-annotations/1.14/animal-sniffer-annotations-1.14.jar:/home/mariofgr/.m2/repository/org/apache/httpcomponents/httpclient/4.5.5/httpclient-4.5.5.jar:/home/mariofgr/.m2/repository/org/apache/httpcomponents/httpcore/4.4.9/httpcore-4.4.9.jar:/home/mariofgr/.m2/repository/com/squareup/okhttp3/okhttp/3.10.0/okhttp-3.10.0.jar:/home/mariofgr/.m2/repository/com/squareup/okio/okio/1.14.1/okio-1.14.1.jar:/home/mariofgr/.m2/repository/io/cucumber/cucumber-java8/3.0.2/cucumber-java8-3.0.2.jar:/home/mariofgr/.m2/repository/io/cucumber/cucumber-java/3.0.2/cucumber-java-3.0.2.jar:/home/mariofgr/.m2/repository/net/jodah/typetools/0.5.0/typetools-0.5.0.jar:/home/mariofgr/.m2/repository/io/cucumber/cucumber-testng/3.0.2/cucumber-testng-3.0.2.jar:/home/mariofgr/.m2/repository/io/cucumber/cucumber-core/3.0.2/cucumber-core-3.0.2.jar:/home/mariofgr/.m2/repository/io/cucumber/cucumber-html/0.2.7/cucumber-html-0.2.7.jar:/home/mariofgr/.m2/repository/io/cucumber/gherkin/5.0.0/gherkin-5.0.0.jar:/home/mariofgr/.m2/repository/io/cucumber/tag-expressions/1.1.1/tag-expressions-1.1.1.jar:/home/mariofgr/.m2/repository/io/cucumber/cucumber-expressions/5.0.19/cucumber-expressions-5.0.19.jar:/home/mariofgr/.m2/repository/io/cucumber/datatable/1.0.3/datatable-1.0.3.jar:/home/mariofgr/.m2/repository/io/cucumber/datatable-dependencies/1.0.3/datatable-dependencies-1.0.3.jar:/home/mariofgr/.m2/repository/org/testng/testng/6.14.3/testng-6.14.3.jar:/home/mariofgr/.m2/repository/com/beust/jcommander/1.72/jcommander-1.72.jar:/home/mariofgr/.m2/repository/org/apache-extras/beanshell/bsh/2.0b6/bsh-2.0b6.jar:/home/mariofgr/.m2/repository/org/apache/maven/surefire/surefire-testng-utils/2.22.0/surefire-testng-utils-2.22.0.jar:/home/mariofgr/.m2/repository/org/apache/maven/surefire/surefire-grouper/2.22.0/surefire-grouper-2.22.0.jar:"/>
    <property name="sun.cpu.endian" value="little"/>
    <property name="user.home" value="/home/mariofgr"/>
    <property name="user.language" value="es"/>
    <property name="java.specification.vendor" value="Oracle Corporation"/>
    <property name="java.home" value="/usr/lib/jvm/java-8-oracle/jre"/>
    <property name="basedir" value="/home/mariofgr/workspace/Test"/>
    <property name="file.separator" value="/"/>
    <property name="line.separator" value="&#10;"/>
    <property name="java.vm.specification.vendor" value="Oracle Corporation"/>
    <property name="java.specification.name" value="Java Platform API Specification"/>
    <property name="java.awt.graphicsenv" value="sun.awt.X11GraphicsEnvironment"/>
    <property name="surefire.real.class.path" value="/home/mariofgr/workspace/Test/target/surefire/surefirebooter6612911462109600012.jar"/>
    <property name="sun.boot.class.path" value="/usr/lib/jvm/java-8-oracle/jre/lib/resources.jar:/usr/lib/jvm/java-8-oracle/jre/lib/rt.jar:/usr/lib/jvm/java-8-oracle/jre/lib/sunrsasign.jar:/usr/lib/jvm/java-8-oracle/jre/lib/jsse.jar:/usr/lib/jvm/java-8-oracle/jre/lib/jce.jar:/usr/lib/jvm/java-8-oracle/jre/lib/charsets.jar:/usr/lib/jvm/java-8-oracle/jre/lib/jfr.jar:/usr/lib/jvm/java-8-oracle/jre/classes"/>
    <property name="sun.management.compiler" value="HotSpot 64-Bit Tiered Compilers"/>
    <property name="java.runtime.version" value="1.8.0_171-b11"/>
    <property name="user.name" value="mariofgr"/>
    <property name="path.separator" value=":"/>
    <property name="os.version" value="4.13.0-45-generic"/>
    <property name="java.endorsed.dirs" value="/usr/lib/jvm/java-8-oracle/jre/lib/endorsed"/>
    <property name="java.runtime.name" value="Java(TM) SE Runtime Environment"/>
    <property name="file.encoding" value="UTF-8"/>
    <property name="java.vm.name" value="Java HotSpot(TM) 64-Bit Server VM"/>
    <property name="localRepository" value="/home/mariofgr/.m2/repository"/>
    <property name="java.vendor.url.bug" value="http://bugreport.sun.com/bugreport/"/>
    <property name="java.io.tmpdir" value="/tmp"/>
    <property name="java.version" value="1.8.0_171"/>
    <property name="user.dir" value="/home/mariofgr/workspace/Test"/>
    <property name="os.arch" value="amd64"/>
    <property name="java.vm.specification.name" value="Java Virtual Machine Specification"/>
    <property name="java.awt.printerjob" value="sun.print.PSPrinterJob"/>
    <property name="sun.os.patch.level" value="unknown"/>
    <property name="java.library.path" value="/opt/idea-IC-172.4574.11/bin::/usr/java/packages/lib/amd64:/usr/lib64:/lib64:/lib:/usr/lib"/>
    <property name="java.vm.info" value="mixed mode"/>
    <property name="java.vendor" value="Oracle Corporation"/>
    <property name="java.vm.version" value="25.171-b11"/>
    <property name="java.ext.dirs" value="/usr/lib/jvm/java-8-oracle/jre/lib/ext:/usr/java/packages/lib/ext"/>
    <property name="sun.io.unicode.encoding" value="UnicodeLittle"/>
    <property name="java.class.version" value="52.0"/>
  </properties>
  <testcase name="runScenario" classname="CucumberRunner" time="8.171"/>
</testsuite>