<?xml version="1.0" encoding="UTF-8"?>
<!-- Generated by org.testng.reporters.JUnitReportReporter -->
<testsuite skipped="0" hostname="jx8n562" name="CucumberRunner" tests="1" failures="0" timestamp="09 jul 2018 09:32:44 GMT" time="8.178" errors="0">
  <testcase name="runScenario" time="8.178" classname="CucumberRunner"/>
</testsuite> <!-- CucumberRunner -->
